2024-07-07 20:53:48,911 [Worker-3: Loading available Gradle versions] INFO  o.e.b.c.i.u.g.PublishedGradleVersions - Gradle version information cache is out-of-date. Trying to update.
2024-08-31 13:55:22,396 [Worker-3: Loading available Gradle versions] INFO  o.e.b.c.i.u.g.PublishedGradleVersions - Gradle version information cache is up-to-date. Trying to read.
2024-08-31 13:58:06,681 [Worker-6: Importing Maven projects] INFO  o.e.m.c.i.l.LifecycleMappingFactory - Using org.eclipse.m2e.jdt.JarLifecycleMapping lifecycle mapping for MavenProject: com.sunilos:springboottest:0.0.1-SNAPSHOT @ C:\Rays Software\Workspace\p10\proect10_FrontCtl-main\projectORS\src\main\java\com\rays\service\target\classes\META-INF\maven\com.sunilos\springboottest\pom.xml.
2024-08-31 13:58:08,918 [Worker-6: Importing Maven projects] INFO  o.e.m.j.i.AbstractJavaProjectConfigurator - Adding source folder /springboottest/src/main/java
2024-08-31 13:58:08,919 [Worker-6: Importing Maven projects] INFO  o.e.m.j.i.AbstractJavaProjectConfigurator - Adding source folder /springboottest/src/test/java
2024-08-31 13:58:09,726 [Worker-6: Importing Maven projects] INFO  o.e.m.c.i.p.ProjectConfigurationManager - Imported and configured 1 project(s) in 6 sec
2024-08-31 13:58:13,334 [Worker-11: Building workspace] INFO  o.e.m.c.i.embedder.EclipseLogger - Using 'UTF-8' encoding to copy filtered resources.
2024-08-31 13:58:13,335 [Worker-11: Building workspace] INFO  o.e.m.c.i.embedder.EclipseLogger - skip non existing resourceDirectory C:\Rays Software\Workspace\p10\proect10_FrontCtl-main\projectORS\src\main\java\com\rays\service\target\classes\META-INF\maven\com.sunilos\springboottest\src\main\resources
2024-08-31 13:58:13,336 [Worker-11: Building workspace] INFO  o.e.m.c.i.embedder.EclipseLogger - skip non existing resourceDirectory C:\Rays Software\Workspace\p10\proect10_FrontCtl-main\projectORS\src\main\java\com\rays\service\target\classes\META-INF\maven\com.sunilos\springboottest\src\main\resources
2024-08-31 13:58:13,339 [Worker-11: Building workspace] INFO  o.e.m.c.i.embedder.EclipseLogger - Using 'UTF-8' encoding to copy filtered resources.
2024-08-31 13:58:13,340 [Worker-11: Building workspace] INFO  o.e.m.c.i.embedder.EclipseLogger - skip non existing resourceDirectory C:\Rays Software\Workspace\p10\proect10_FrontCtl-main\projectORS\src\main\java\com\rays\service\target\classes\META-INF\maven\com.sunilos\springboottest\src\test\resources
2024-08-31 13:58:33,555 [Worker-8: Building workspace] INFO  o.e.m.c.i.embedder.EclipseLogger - Using 'UTF-8' encoding to copy filtered resources.
2024-08-31 13:58:33,556 [Worker-8: Building workspace] INFO  o.e.m.c.i.embedder.EclipseLogger - skip non existing resourceDirectory C:\Rays Software\Workspace\p10\proect10_FrontCtl-main\projectORS\src\main\java\com\rays\service\target\classes\META-INF\maven\com.sunilos\springboottest\src\main\resources
2024-08-31 13:58:33,556 [Worker-8: Building workspace] INFO  o.e.m.c.i.embedder.EclipseLogger - skip non existing resourceDirectory C:\Rays Software\Workspace\p10\proect10_FrontCtl-main\projectORS\src\main\java\com\rays\service\target\classes\META-INF\maven\com.sunilos\springboottest\src\main\resources
2024-08-31 13:58:33,561 [Worker-8: Building workspace] INFO  o.e.m.c.i.embedder.EclipseLogger - Using 'UTF-8' encoding to copy filtered resources.
2024-08-31 13:58:33,561 [Worker-8: Building workspace] INFO  o.e.m.c.i.embedder.EclipseLogger - skip non existing resourceDirectory C:\Rays Software\Workspace\p10\proect10_FrontCtl-main\projectORS\src\main\java\com\rays\service\target\classes\META-INF\maven\com.sunilos\springboottest\src\test\resources
2024-08-31 13:58:41,773 [Worker-8: Updating Maven Project] INFO  o.e.m.c.i.p.ProjectConfigurationManager - Update started
2024-08-31 13:58:42,532 [Worker-8: Updating Maven Project] INFO  o.e.m.c.i.l.LifecycleMappingFactory - Using org.eclipse.m2e.jdt.JarLifecycleMapping lifecycle mapping for MavenProject: com.sunilos:springboottest:0.0.1-SNAPSHOT @ C:\Rays Software\Workspace\p10\proect10_FrontCtl-main\projectORS\src\main\java\com\rays\service\target\classes\META-INF\maven\com.sunilos\springboottest\pom.xml.
2024-08-31 13:58:43,468 [Worker-8: Updating Maven Project] INFO  o.e.m.j.i.AbstractJavaProjectConfigurator - Adding source folder /springboottest/src/main/java
2024-08-31 13:58:43,468 [Worker-8: Updating Maven Project] INFO  o.e.m.j.i.AbstractJavaProjectConfigurator - Adding source folder /springboottest/src/test/java
2024-08-31 13:58:43,843 [Worker-8: Updating Maven Project] INFO  o.e.m.c.i.p.ProjectConfigurationManager - Update completed: 2 sec
2024-08-31 13:58:44,645 [Worker-6: Building workspace] INFO  o.e.m.c.i.embedder.EclipseLogger - Using 'UTF-8' encoding to copy filtered resources.
2024-08-31 13:58:44,648 [Worker-6: Building workspace] INFO  o.e.m.c.i.embedder.EclipseLogger - skip non existing resourceDirectory C:\Rays Software\Workspace\p10\proect10_FrontCtl-main\projectORS\src\main\java\com\rays\service\target\classes\META-INF\maven\com.sunilos\springboottest\src\main\resources
2024-08-31 13:58:44,648 [Worker-6: Building workspace] INFO  o.e.m.c.i.embedder.EclipseLogger - skip non existing resourceDirectory C:\Rays Software\Workspace\p10\proect10_FrontCtl-main\projectORS\src\main\java\com\rays\service\target\classes\META-INF\maven\com.sunilos\springboottest\src\main\resources
2024-08-31 13:58:44,654 [Worker-6: Building workspace] INFO  o.e.m.c.i.embedder.EclipseLogger - Using 'UTF-8' encoding to copy filtered resources.
2024-08-31 13:58:44,655 [Worker-6: Building workspace] INFO  o.e.m.c.i.embedder.EclipseLogger - skip non existing resourceDirectory C:\Rays Software\Workspace\p10\proect10_FrontCtl-main\projectORS\src\main\java\com\rays\service\target\classes\META-INF\maven\com.sunilos\springboottest\src\test\resources
2024-08-31 14:04:35,056 [Worker-8: Updating Maven Project] INFO  o.e.m.c.i.p.ProjectConfigurationManager - Update started
2024-08-31 14:04:35,778 [Worker-8: Updating Maven Project] INFO  o.e.m.c.i.l.LifecycleMappingFactory - Using org.eclipse.m2e.jdt.JarLifecycleMapping lifecycle mapping for MavenProject: com.sunilos:springboottest:0.0.1-SNAPSHOT @ C:\Rays Software\Workspace\p10\proect10_FrontCtl-main\projectORS\src\main\java\com\rays\service\target\classes\META-INF\maven\com.sunilos\springboottest\pom.xml.
2024-08-31 14:04:36,334 [Worker-8: Updating Maven Project] INFO  o.e.m.j.i.AbstractJavaProjectConfigurator - Adding source folder /springboottest/src/main/java
2024-08-31 14:04:36,334 [Worker-8: Updating Maven Project] INFO  o.e.m.j.i.AbstractJavaProjectConfigurator - Adding source folder /springboottest/src/test/java
2024-08-31 14:04:36,668 [Worker-8: Updating Maven Project] INFO  o.e.m.c.i.p.ProjectConfigurationManager - Update completed: 1 sec
2024-08-31 14:04:37,277 [Worker-10: Building workspace] INFO  o.e.m.c.i.embedder.EclipseLogger - Using 'UTF-8' encoding to copy filtered resources.
2024-08-31 14:04:37,278 [Worker-10: Building workspace] INFO  o.e.m.c.i.embedder.EclipseLogger - skip non existing resourceDirectory C:\Rays Software\Workspace\p10\proect10_FrontCtl-main\projectORS\src\main\java\com\rays\service\target\classes\META-INF\maven\com.sunilos\springboottest\src\main\resources
2024-08-31 14:04:37,278 [Worker-10: Building workspace] INFO  o.e.m.c.i.embedder.EclipseLogger - skip non existing resourceDirectory C:\Rays Software\Workspace\p10\proect10_FrontCtl-main\projectORS\src\main\java\com\rays\service\target\classes\META-INF\maven\com.sunilos\springboottest\src\main\resources
2024-08-31 14:04:37,299 [Worker-10: Building workspace] INFO  o.e.m.c.i.embedder.EclipseLogger - Using 'UTF-8' encoding to copy filtered resources.
2024-08-31 14:04:37,300 [Worker-10: Building workspace] INFO  o.e.m.c.i.embedder.EclipseLogger - skip non existing resourceDirectory C:\Rays Software\Workspace\p10\proect10_FrontCtl-main\projectORS\src\main\java\com\rays\service\target\classes\META-INF\maven\com.sunilos\springboottest\src\test\resources
2024-08-31 14:05:04,631 [Worker-10: Building workspace] INFO  o.e.m.c.i.embedder.EclipseLogger - Using 'UTF-8' encoding to copy filtered resources.
2024-08-31 14:05:04,631 [Worker-10: Building workspace] INFO  o.e.m.c.i.embedder.EclipseLogger - skip non existing resourceDirectory C:\Rays Software\Workspace\p10\proect10_FrontCtl-main\projectORS\src\main\java\com\rays\service\target\classes\META-INF\maven\com.sunilos\springboottest\src\main\resources
2024-08-31 14:05:04,632 [Worker-10: Building workspace] INFO  o.e.m.c.i.embedder.EclipseLogger - skip non existing resourceDirectory C:\Rays Software\Workspace\p10\proect10_FrontCtl-main\projectORS\src\main\java\com\rays\service\target\classes\META-INF\maven\com.sunilos\springboottest\src\main\resources
2024-08-31 14:05:04,634 [Worker-10: Building workspace] INFO  o.e.m.c.i.embedder.EclipseLogger - Using 'UTF-8' encoding to copy filtered resources.
2024-08-31 14:05:04,634 [Worker-10: Building workspace] INFO  o.e.m.c.i.embedder.EclipseLogger - skip non existing resourceDirectory C:\Rays Software\Workspace\p10\proect10_FrontCtl-main\projectORS\src\main\java\com\rays\service\target\classes\META-INF\maven\com.sunilos\springboottest\src\test\resources
2024-08-31 14:06:13,285 [Worker-17: Building workspace] INFO  o.e.m.c.i.embedder.EclipseLogger - Using 'UTF-8' encoding to copy filtered resources.
2024-08-31 14:06:13,286 [Worker-17: Building workspace] INFO  o.e.m.c.i.embedder.EclipseLogger - skip non existing resourceDirectory C:\Rays Software\Workspace\p10\proect10_FrontCtl-main\projectORS\src\main\java\com\rays\service\target\classes\META-INF\maven\com.sunilos\springboottest\src\main\resources
2024-08-31 14:06:13,286 [Worker-17: Building workspace] INFO  o.e.m.c.i.embedder.EclipseLogger - skip non existing resourceDirectory C:\Rays Software\Workspace\p10\proect10_FrontCtl-main\projectORS\src\main\java\com\rays\service\target\classes\META-INF\maven\com.sunilos\springboottest\src\main\resources
2024-08-31 14:06:13,290 [Worker-17: Building workspace] INFO  o.e.m.c.i.embedder.EclipseLogger - Using 'UTF-8' encoding to copy filtered resources.
2024-08-31 14:06:13,290 [Worker-17: Building workspace] INFO  o.e.m.c.i.embedder.EclipseLogger - skip non existing resourceDirectory C:\Rays Software\Workspace\p10\proect10_FrontCtl-main\projectORS\src\main\java\com\rays\service\target\classes\META-INF\maven\com.sunilos\springboottest\src\test\resources
